#
# There is insufficient memory for the Java Runtime Environment to continue.
# Native memory allocation (mmap) failed to map 65536 bytes for Failed to commit metaspace.
# Possible reasons:
#   The system is out of physical RAM or swap space
#   The process is running with CompressedOops enabled, and the Java Heap may be blocking the growth of the native heap
# Possible solutions:
#   Reduce memory load on the system
#   Increase physical memory or swap space
#   Check if swap backing store is full
#   Decrease Java heap size (-Xmx/-Xms)
#   Decrease number of Java threads
#   Decrease Java thread stack sizes (-Xss)
#   Set larger code cache with -XX:ReservedCodeCacheSize=
#   JVM is running with Zero Based Compressed Oops mode in which the Java heap is
#     placed in the first 32GB address space. The Java Heap base address is the
#     maximum limit for the native heap growth. Please use -XX:HeapBaseMinAddress
#     to set the Java Heap base and to place the Java Heap above 32GB virtual address.
# This output file may be truncated or incomplete.
#
#  Out of Memory Error (virtualSpaceNode.cpp:108), pid=6168, tid=17920
#
# JRE version: OpenJDK Runtime Environment (16.0.1+9) (build 16.0.1+9-24)
# Java VM: OpenJDK 64-Bit Server VM (16.0.1+9-24, mixed mode, tiered, compressed oops, compressed class ptrs, g1 gc, windows-amd64)
# No core dump will be written. Minidumps are not enabled by default on client versions of Windows
#

---------------  S U M M A R Y ------------

Command Line: -Dcom.sun.management.jmxremote -Dcom.sun.management.jmxremote.port=52548 -Dcom.sun.management.jmxremote.authenticate=false -Dcom.sun.management.jmxremote.ssl=false -Djava.rmi.server.hostname=localhost -Dspring.jmx.enabled=true -Dspring.application.admin.enabled=true -XX:TieredStopAtLevel=1 -Dspring.boot.project.name=RecipesList -Dfile.encoding=UTF-8 -XX:+ShowCodeDetailsInExceptionMessages com.dipinder.RecipeList.RecipesListApplication --spring.output.ansi.enabled=always

Host: Intel(R) Core(TM) i7-7700K CPU @ 4.20GHz, 8 cores, 15G,  Windows 10 , 64 bit Build 19041 (10.0.19041.1348)
Time: Fri Dec 24 12:06:25 2021 Pacific Standard Time elapsed time: 0.279184 seconds (0d 0h 0m 0s)

---------------  T H R E A D  ---------------

Current thread (0x000001d5851109a0):  JavaThread "main" [_thread_in_vm, id=17920, stack(0x0000000bf0c00000,0x0000000bf0d00000)]

Stack: [0x0000000bf0c00000,0x0000000bf0d00000]
Native frames: (J=compiled Java code, j=interpreted, Vv=VM code, C=native code)
V  [jvm.dll+0x6687ca]
V  [jvm.dll+0x7ca3c9]
V  [jvm.dll+0x7cbb53]
V  [jvm.dll+0x7cc1b3]
V  [jvm.dll+0x242ea5]
V  [jvm.dll+0x7c6a4b]
V  [jvm.dll+0x60e436]
V  [jvm.dll+0x60e49a]
V  [jvm.dll+0x610aca]
V  [jvm.dll+0x60ed31]
V  [jvm.dll+0x238690]
V  [jvm.dll+0x1ea53f]
V  [jvm.dll+0x1df8a1]
V  [jvm.dll+0x536728]
V  [jvm.dll+0x1f0fa2]
V  [jvm.dll+0x741e03]
V  [jvm.dll+0x7436a8]
V  [jvm.dll+0x7439d3]
V  [jvm.dll+0x23ad74]
V  [jvm.dll+0x23b012]
V  [jvm.dll+0x552398]
V  [jvm.dll+0x5551e0]
V  [jvm.dll+0x379fde]
V  [jvm.dll+0x37961f]
C  0x000001d58868b12c

Java frames: (J=compiled Java code, j=interpreted, Vv=VM code)
j  sun.security.provider.SunEntries.addWithAlias(Ljava/security/Provider;Ljava/lang/String;Ljava/lang/String;Ljava/lang/String;Ljava/util/HashMap;)V+14 java.base@16.0.1
j  sun.security.provider.SunEntries.<init>(Ljava/security/Provider;)V+166 java.base@16.0.1
j  sun.security.provider.Sun.<init>()V+18 java.base@16.0.1
j  sun.security.jca.ProviderConfig.getProvider()Ljava/security/Provider;+48 java.base@16.0.1
j  sun.security.jca.ProviderList.getProvider(I)Ljava/security/Provider;+6 java.base@16.0.1
j  sun.security.jca.ProviderList$3.get(I)Ljava/security/Provider;+5 java.base@16.0.1
j  sun.security.jca.ProviderList$3.get(I)Ljava/lang/Object;+2 java.base@16.0.1
j  java.util.AbstractList$Itr.next()Ljava/lang/Object;+14 java.base@16.0.1
j  java.security.SecureRandom.getDefaultPRNG(Z[B)V+30 java.base@16.0.1
j  java.security.SecureRandom.<init>()V+23 java.base@16.0.1
j  java.rmi.server.UID.<init>()V+20 java.rmi@16.0.1
j  java.rmi.server.ObjID.<clinit>()V+14 java.rmi@16.0.1
v  ~StubRoutines::call_stub
j  sun.rmi.transport.LiveRef.<init>(I)V+1 java.rmi@16.0.1
j  sun.management.jmxremote.ConnectorBootstrap$PermanentExporter.exportObject(Ljava/rmi/Remote;ILjava/rmi/server/RMIClientSocketFactory;Ljava/rmi/server/RMIServerSocketFactory;Ljava/io/ObjectInputFilter;)Ljava/rmi/Remote;+49 jdk.management.agent@16.0.1
j  javax.management.remote.rmi.RMIJRMPServerImpl.export(Ljava/rmi/Remote;Ljava/io/ObjectInputFilter;)V+62 java.management.rmi@16.0.1
j  javax.management.remote.rmi.RMIJRMPServerImpl.export()V+6 java.management.rmi@16.0.1
j  javax.management.remote.rmi.RMIConnectorServer.start()V+257 java.management.rmi@16.0.1
j  sun.management.jmxremote.ConnectorBootstrap.exportMBeanServer(Ljavax/management/MBeanServer;IIZZLjava/lang/String;[Ljava/lang/String;[Ljava/lang/String;ZZLjava/lang/String;Ljava/lang/String;ZLjava/lang/String;Ljava/lang/String;Ljava/lang/String;)Lsun/management/jmxremote/ConnectorBootstrap$JMXConnectorServerData;+348 jdk.management.agent@16.0.1
j  sun.management.jmxremote.ConnectorBootstrap.startRemoteConnectorServer(Ljava/lang/String;Ljava/util/Properties;)Ljavax/management/remote/JMXConnectorServer;+620 jdk.management.agent@16.0.1
j  jdk.internal.agent.Agent.startAgent(Ljava/util/Properties;)V+48 jdk.management.agent@16.0.1
j  jdk.internal.agent.Agent.startAgent()V+20 jdk.management.agent@16.0.1
v  ~StubRoutines::call_stub

---------------  P R O C E S S  ---------------

Threads class SMR info:
_java_thread_list=0x000001d5a460c670, length=11, elements={
0x000001d5851109a0, 0x000001d5a442e250, 0x000001d5a442f7c0, 0x000001d5a4460390,
0x000001d5a4463f20, 0x000001d5a4465fe0, 0x000001d5a446e5a0, 0x000001d5a446ef60,
0x000001d5a446f8b0, 0x000001d5a458b240, 0x000001d5a462c410
}

Java Threads: ( => current thread )
=>0x000001d5851109a0 JavaThread "main" [_thread_in_vm, id=17920, stack(0x0000000bf0c00000,0x0000000bf0d00000)]
  0x000001d5a442e250 JavaThread "Reference Handler" daemon [_thread_blocked, id=13084, stack(0x0000000bf1300000,0x0000000bf1400000)]
  0x000001d5a442f7c0 JavaThread "Finalizer" daemon [_thread_blocked, id=7916, stack(0x0000000bf1400000,0x0000000bf1500000)]
  0x000001d5a4460390 JavaThread "Signal Dispatcher" daemon [_thread_blocked, id=19336, stack(0x0000000bf1500000,0x0000000bf1600000)]
  0x000001d5a4463f20 JavaThread "Attach Listener" daemon [_thread_blocked, id=15612, stack(0x0000000bf1600000,0x0000000bf1700000)]
  0x000001d5a4465fe0 JavaThread "Service Thread" daemon [_thread_blocked, id=17828, stack(0x0000000bf1700000,0x0000000bf1800000)]
  0x000001d5a446e5a0 JavaThread "Monitor Deflation Thread" daemon [_thread_blocked, id=13628, stack(0x0000000bf1800000,0x0000000bf1900000)]
  0x000001d5a446ef60 JavaThread "C1 CompilerThread0" daemon [_thread_blocked, id=18636, stack(0x0000000bf1900000,0x0000000bf1a00000)]
  0x000001d5a446f8b0 JavaThread "Sweeper thread" daemon [_thread_blocked, id=15456, stack(0x0000000bf1a00000,0x0000000bf1b00000)]
  0x000001d5a458b240 JavaThread "Common-Cleaner" daemon [_thread_blocked, id=3612, stack(0x0000000bf1b00000,0x0000000bf1c00000)]
  0x000001d5a462c410 JavaThread "Notification Thread" daemon [_thread_blocked, id=6088, stack(0x0000000bf1c00000,0x0000000bf1d00000)]

Other Threads:
  0x000001d5a3baecc0 VMThread "VM Thread" [stack: 0x0000000bf1200000,0x0000000bf1300000] [id=12088]
  0x000001d58515ebf0 GCTaskThread "GC Thread#0" [stack: 0x0000000bf0d00000,0x0000000bf0e00000] [id=19120]
  0x000001d5851702e0 ConcurrentGCThread "G1 Main Marker" [stack: 0x0000000bf0e00000,0x0000000bf0f00000] [id=9640]
  0x000001d585170ce0 ConcurrentGCThread "G1 Conc#0" [stack: 0x0000000bf0f00000,0x0000000bf1000000] [id=18268]
  0x000001d5851dda80 ConcurrentGCThread "G1 Refine#0" [stack: 0x0000000bf1000000,0x0000000bf1100000] [id=17928]
  0x000001d5851de410 ConcurrentGCThread "G1 Service" [stack: 0x0000000bf1100000,0x0000000bf1200000] [id=18140]

Threads with active compile tasks:

VM state: not at safepoint (normal execution)

VM Mutex/Monitor currently owned by a thread:  ([mutex/lock_event])
[0x000001d58510b550] MetaspaceExpand_lock - owner thread: 0x000001d5851109a0

Heap address: 0x0000000701000000, size: 4080 MB, Compressed Oops mode: Zero based, Oop shift amount: 3

CDS disabled.
Compressed class space mapped at: 0x0000000800000000-0x0000000840000000, reserved size: 1073741824
Narrow klass base: 0x0000000800000000, Narrow klass shift: 0, Narrow klass range: 0x40000000

GC Precious Log:
 CPUs: 8 total, 8 available
 Memory: 16314M
 Large Page Support: Disabled
 NUMA Support: Disabled
 Compressed Oops: Enabled (Zero based)
 Heap Region Size: 2M
 Heap Min Capacity: 8M
 Heap Initial Capacity: 256M
 Heap Max Capacity: 4080M
 Pre-touch: Disabled
 Parallel Workers: 8
 Concurrent Workers: 2
 Concurrent Refinement Workers: 8
 Periodic GC: Disabled

Heap:
 garbage-first heap   total 262144K, used 10240K [0x0000000701000000, 0x0000000800000000)
  region size 2048K, 6 young (12288K), 0 survivors (0K)
 Metaspace       used 10043K, committed 10176K, reserved 1064960K
  class space    used 978K, committed 1024K, reserved 1048576K

Heap Regions: E=young(eden), S=young(survivor), O=old, HS=humongous(starts), HC=humongous(continues), CS=collection set, F=free, OA=open archive, CA=closed archive, TAMS=top-at-mark-start (previous, next)
|   0|0x0000000701000000, 0x0000000701000000, 0x0000000701200000|  0%| F|  |TAMS 0x0000000701000000, 0x0000000701000000| Untracked 
|   1|0x0000000701200000, 0x0000000701200000, 0x0000000701400000|  0%| F|  |TAMS 0x0000000701200000, 0x0000000701200000| Untracked 
|   2|0x0000000701400000, 0x0000000701400000, 0x0000000701600000|  0%| F|  |TAMS 0x0000000701400000, 0x0000000701400000| Untracked 
|   3|0x0000000701600000, 0x0000000701600000, 0x0000000701800000|  0%| F|  |TAMS 0x0000000701600000, 0x0000000701600000| Untracked 
|   4|0x0000000701800000, 0x0000000701800000, 0x0000000701a00000|  0%| F|  |TAMS 0x0000000701800000, 0x0000000701800000| Untracked 
|   5|0x0000000701a00000, 0x0000000701a00000, 0x0000000701c00000|  0%| F|  |TAMS 0x0000000701a00000, 0x0000000701a00000| Untracked 
|   6|0x0000000701c00000, 0x0000000701c00000, 0x0000000701e00000|  0%| F|  |TAMS 0x0000000701c00000, 0x0000000701c00000| Untracked 
|   7|0x0000000701e00000, 0x0000000701e00000, 0x0000000702000000|  0%| F|  |TAMS 0x0000000701e00000, 0x0000000701e00000| Untracked 
|   8|0x0000000702000000, 0x0000000702000000, 0x0000000702200000|  0%| F|  |TAMS 0x0000000702000000, 0x0000000702000000| Untracked 
|   9|0x0000000702200000, 0x0000000702200000, 0x0000000702400000|  0%| F|  |TAMS 0x0000000702200000, 0x0000000702200000| Untracked 
|  10|0x0000000702400000, 0x0000000702400000, 0x0000000702600000|  0%| F|  |TAMS 0x0000000702400000, 0x0000000702400000| Untracked 
|  11|0x0000000702600000, 0x0000000702600000, 0x0000000702800000|  0%| F|  |TAMS 0x0000000702600000, 0x0000000702600000| Untracked 
|  12|0x0000000702800000, 0x0000000702800000, 0x0000000702a00000|  0%| F|  |TAMS 0x0000000702800000, 0x0000000702800000| Untracked 
|  13|0x0000000702a00000, 0x0000000702a00000, 0x0000000702c00000|  0%| F|  |TAMS 0x0000000702a00000, 0x0000000702a00000| Untracked 
|  14|0x0000000702c00000, 0x0000000702c00000, 0x0000000702e00000|  0%| F|  |TAMS 0x0000000702c00000, 0x0000000702c00000| Untracked 
|  15|0x0000000702e00000, 0x0000000702e00000, 0x0000000703000000|  0%| F|  |TAMS 0x0000000702e00000, 0x0000000702e00000| Untracked 
|  16|0x0000000703000000, 0x0000000703000000, 0x0000000703200000|  0%| F|  |TAMS 0x0000000703000000, 0x0000000703000000| Untracked 
|  17|0x0000000703200000, 0x0000000703200000, 0x0000000703400000|  0%| F|  |TAMS 0x0000000703200000, 0x0000000703200000| Untracked 
|  18|0x0000000703400000, 0x0000000703400000, 0x0000000703600000|  0%| F|  |TAMS 0x0000000703400000, 0x0000000703400000| Untracked 
|  19|0x0000000703600000, 0x0000000703600000, 0x0000000703800000|  0%| F|  |TAMS 0x0000000703600000, 0x0000000703600000| Untracked 
|  20|0x0000000703800000, 0x0000000703800000, 0x0000000703a00000|  0%| F|  |TAMS 0x0000000703800000, 0x0000000703800000| Untracked 
|  21|0x0000000703a00000, 0x0000000703a00000, 0x0000000703c00000|  0%| F|  |TAMS 0x0000000703a00000, 0x0000000703a00000| Untracked 
|  22|0x0000000703c00000, 0x0000000703c00000, 0x0000000703e00000|  0%| F|  |TAMS 0x0000000703c00000, 0x0000000703c00000| Untracked 
|  23|0x0000000703e00000, 0x0000000703e00000, 0x0000000704000000|  0%| F|  |TAMS 0x0000000703e00000, 0x0000000703e00000| Untracked 
|  24|0x0000000704000000, 0x0000000704000000, 0x0000000704200000|  0%| F|  |TAMS 0x0000000704000000, 0x0000000704000000| Untracked 
|  25|0x0000000704200000, 0x0000000704200000, 0x0000000704400000|  0%| F|  |TAMS 0x0000000704200000, 0x0000000704200000| Untracked 
|  26|0x0000000704400000, 0x0000000704400000, 0x0000000704600000|  0%| F|  |TAMS 0x0000000704400000, 0x0000000704400000| Untracked 
|  27|0x0000000704600000, 0x0000000704600000, 0x0000000704800000|  0%| F|  |TAMS 0x0000000704600000, 0x0000000704600000| Untracked 
|  28|0x0000000704800000, 0x0000000704800000, 0x0000000704a00000|  0%| F|  |TAMS 0x0000000704800000, 0x0000000704800000| Untracked 
|  29|0x0000000704a00000, 0x0000000704a00000, 0x0000000704c00000|  0%| F|  |TAMS 0x0000000704a00000, 0x0000000704a00000| Untracked 
|  30|0x0000000704c00000, 0x0000000704c00000, 0x0000000704e00000|  0%| F|  |TAMS 0x0000000704c00000, 0x0000000704c00000| Untracked 
|  31|0x0000000704e00000, 0x0000000704e00000, 0x0000000705000000|  0%| F|  |TAMS 0x0000000704e00000, 0x0000000704e00000| Untracked 
|  32|0x0000000705000000, 0x0000000705000000, 0x0000000705200000|  0%| F|  |TAMS 0x0000000705000000, 0x0000000705000000| Untracked 
|  33|0x0000000705200000, 0x0000000705200000, 0x0000000705400000|  0%| F|  |TAMS 0x0000000705200000, 0x0000000705200000| Untracked 
|  34|0x0000000705400000, 0x0000000705400000, 0x0000000705600000|  0%| F|  |TAMS 0x0000000705400000, 0x0000000705400000| Untracked 
|  35|0x0000000705600000, 0x0000000705600000, 0x0000000705800000|  0%| F|  |TAMS 0x0000000705600000, 0x0000000705600000| Untracked 
|  36|0x0000000705800000, 0x0000000705800000, 0x0000000705a00000|  0%| F|  |TAMS 0x0000000705800000, 0x0000000705800000| Untracked 
|  37|0x0000000705a00000, 0x0000000705a00000, 0x0000000705c00000|  0%| F|  |TAMS 0x0000000705a00000, 0x0000000705a00000| Untracked 
|  38|0x0000000705c00000, 0x0000000705c00000, 0x0000000705e00000|  0%| F|  |TAMS 0x0000000705c00000, 0x0000000705c00000| Untracked 
|  39|0x0000000705e00000, 0x0000000705e00000, 0x0000000706000000|  0%| F|  |TAMS 0x0000000705e00000, 0x0000000705e00000| Untracked 
|  40|0x0000000706000000, 0x0000000706000000, 0x0000000706200000|  0%| F|  |TAMS 0x0000000706000000, 0x0000000706000000| Untracked 
|  41|0x0000000706200000, 0x0000000706200000, 0x0000000706400000|  0%| F|  |TAMS 0x0000000706200000, 0x0000000706200000| Untracked 
|  42|0x0000000706400000, 0x0000000706400000, 0x0000000706600000|  0%| F|  |TAMS 0x0000000706400000, 0x0000000706400000| Untracked 
|  43|0x0000000706600000, 0x0000000706600000, 0x0000000706800000|  0%| F|  |TAMS 0x0000000706600000, 0x0000000706600000| Untracked 
|  44|0x0000000706800000, 0x0000000706800000, 0x0000000706a00000|  0%| F|  |TAMS 0x0000000706800000, 0x0000000706800000| Untracked 
|  45|0x0000000706a00000, 0x0000000706a00000, 0x0000000706c00000|  0%| F|  |TAMS 0x0000000706a00000, 0x0000000706a00000| Untracked 
|  46|0x0000000706c00000, 0x0000000706c00000, 0x0000000706e00000|  0%| F|  |TAMS 0x0000000706c00000, 0x0000000706c00000| Untracked 
|  47|0x0000000706e00000, 0x0000000706e00000, 0x0000000707000000|  0%| F|  |TAMS 0x0000000706e00000, 0x0000000706e00000| Untracked 
|  48|0x0000000707000000, 0x0000000707000000, 0x0000000707200000|  0%| F|  |TAMS 0x0000000707000000, 0x0000000707000000| Untracked 
|  49|0x0000000707200000, 0x0000000707200000, 0x0000000707400000|  0%| F|  |TAMS 0x0000000707200000, 0x0000000707200000| Untracked 
|  50|0x0000000707400000, 0x0000000707400000, 0x0000000707600000|  0%| F|  |TAMS 0x0000000707400000, 0x0000000707400000| Untracked 
|  51|0x0000000707600000, 0x0000000707600000, 0x0000000707800000|  0%| F|  |TAMS 0x0000000707600000, 0x0000000707600000| Untracked 
|  52|0x0000000707800000, 0x0000000707800000, 0x0000000707a00000|  0%| F|  |TAMS 0x0000000707800000, 0x0000000707800000| Untracked 
|  53|0x0000000707a00000, 0x0000000707a00000, 0x0000000707c00000|  0%| F|  |TAMS 0x0000000707a00000, 0x0000000707a00000| Untracked 
|  54|0x0000000707c00000, 0x0000000707c00000, 0x0000000707e00000|  0%| F|  |TAMS 0x0000000707c00000, 0x0000000707c00000| Untracked 
|  55|0x0000000707e00000, 0x0000000707e00000, 0x0000000708000000|  0%| F|  |TAMS 0x0000000707e00000, 0x0000000707e00000| Untracked 
|  56|0x0000000708000000, 0x0000000708000000, 0x0000000708200000|  0%| F|  |TAMS 0x0000000708000000, 0x0000000708000000| Untracked 
|  57|0x0000000708200000, 0x0000000708200000, 0x0000000708400000|  0%| F|  |TAMS 0x0000000708200000, 0x0000000708200000| Untracked 
|  58|0x0000000708400000, 0x0000000708400000, 0x0000000708600000|  0%| F|  |TAMS 0x0000000708400000, 0x0000000708400000| Untracked 
|  59|0x0000000708600000, 0x0000000708600000, 0x0000000708800000|  0%| F|  |TAMS 0x0000000708600000, 0x0000000708600000| Untracked 
|  60|0x0000000708800000, 0x0000000708800000, 0x0000000708a00000|  0%| F|  |TAMS 0x0000000708800000, 0x0000000708800000| Untracked 
|  61|0x0000000708a00000, 0x0000000708a00000, 0x0000000708c00000|  0%| F|  |TAMS 0x0000000708a00000, 0x0000000708a00000| Untracked 
|  62|0x0000000708c00000, 0x0000000708c00000, 0x0000000708e00000|  0%| F|  |TAMS 0x0000000708c00000, 0x0000000708c00000| Untracked 
|  63|0x0000000708e00000, 0x0000000708e00000, 0x0000000709000000|  0%| F|  |TAMS 0x0000000708e00000, 0x0000000708e00000| Untracked 
|  64|0x0000000709000000, 0x0000000709000000, 0x0000000709200000|  0%| F|  |TAMS 0x0000000709000000, 0x0000000709000000| Untracked 
|  65|0x0000000709200000, 0x0000000709200000, 0x0000000709400000|  0%| F|  |TAMS 0x0000000709200000, 0x0000000709200000| Untracked 
|  66|0x0000000709400000, 0x0000000709400000, 0x0000000709600000|  0%| F|  |TAMS 0x0000000709400000, 0x0000000709400000| Untracked 
|  67|0x0000000709600000, 0x0000000709600000, 0x0000000709800000|  0%| F|  |TAMS 0x0000000709600000, 0x0000000709600000| Untracked 
|  68|0x0000000709800000, 0x0000000709800000, 0x0000000709a00000|  0%| F|  |TAMS 0x0000000709800000, 0x0000000709800000| Untracked 
|  69|0x0000000709a00000, 0x0000000709a00000, 0x0000000709c00000|  0%| F|  |TAMS 0x0000000709a00000, 0x0000000709a00000| Untracked 
|  70|0x0000000709c00000, 0x0000000709c00000, 0x0000000709e00000|  0%| F|  |TAMS 0x0000000709c00000, 0x0000000709c00000| Untracked 
|  71|0x0000000709e00000, 0x0000000709e00000, 0x000000070a000000|  0%| F|  |TAMS 0x0000000709e00000, 0x0000000709e00000| Untracked 
|  72|0x000000070a000000, 0x000000070a000000, 0x000000070a200000|  0%| F|  |TAMS 0x000000070a000000, 0x000000070a000000| Untracked 
|  73|0x000000070a200000, 0x000000070a200000, 0x000000070a400000|  0%| F|  |TAMS 0x000000070a200000, 0x000000070a200000| Untracked 
|  74|0x000000070a400000, 0x000000070a400000, 0x000000070a600000|  0%| F|  |TAMS 0x000000070a400000, 0x000000070a400000| Untracked 
|  75|0x000000070a600000, 0x000000070a600000, 0x000000070a800000|  0%| F|  |TAMS 0x000000070a600000, 0x000000070a600000| Untracked 
|  76|0x000000070a800000, 0x000000070a800000, 0x000000070aa00000|  0%| F|  |TAMS 0x000000070a800000, 0x000000070a800000| Untracked 
|  77|0x000000070aa00000, 0x000000070aa00000, 0x000000070ac00000|  0%| F|  |TAMS 0x000000070aa00000, 0x000000070aa00000| Untracked 
|  78|0x000000070ac00000, 0x000000070ac00000, 0x000000070ae00000|  0%| F|  |TAMS 0x000000070ac00000, 0x000000070ac00000| Untracked 
|  79|0x000000070ae00000, 0x000000070ae00000, 0x000000070b000000|  0%| F|  |TAMS 0x000000070ae00000, 0x000000070ae00000| Untracked 
|  80|0x000000070b000000, 0x000000070b000000, 0x000000070b200000|  0%| F|  |TAMS 0x000000070b000000, 0x000000070b000000| Untracked 
|  81|0x000000070b200000, 0x000000070b200000, 0x000000070b400000|  0%| F|  |TAMS 0x000000070b200000, 0x000000070b200000| Untracked 
|  82|0x000000070b400000, 0x000000070b400000, 0x000000070b600000|  0%| F|  |TAMS 0x000000070b400000, 0x000000070b400000| Untracked 
|  83|0x000000070b600000, 0x000000070b600000, 0x000000070b800000|  0%| F|  |TAMS 0x000000070b600000, 0x000000070b600000| Untracked 
|  84|0x000000070b800000, 0x000000070b800000, 0x000000070ba00000|  0%| F|  |TAMS 0x000000070b800000, 0x000000070b800000| Untracked 
|  85|0x000000070ba00000, 0x000000070ba00000, 0x000000070bc00000|  0%| F|  |TAMS 0x000000070ba00000, 0x000000070ba00000| Untracked 
|  86|0x000000070bc00000, 0x000000070bc00000, 0x000000070be00000|  0%| F|  |TAMS 0x000000070bc00000, 0x000000070bc00000| Untracked 
|  87|0x000000070be00000, 0x000000070be00000, 0x000000070c000000|  0%| F|  |TAMS 0x000000070be00000, 0x000000070be00000| Untracked 
|  88|0x000000070c000000, 0x000000070c000000, 0x000000070c200000|  0%| F|  |TAMS 0x000000070c000000, 0x000000070c000000| Untracked 
|  89|0x000000070c200000, 0x000000070c200000, 0x000000070c400000|  0%| F|  |TAMS 0x000000070c200000, 0x000000070c200000| Untracked 
|  90|0x000000070c400000, 0x000000070c400000, 0x000000070c600000|  0%| F|  |TAMS 0x000000070c400000, 0x000000070c400000| Untracked 
|  91|0x000000070c600000, 0x000000070c600000, 0x000000070c800000|  0%| F|  |TAMS 0x000000070c600000, 0x000000070c600000| Untracked 
|  92|0x000000070c800000, 0x000000070c800000, 0x000000070ca00000|  0%| F|  |TAMS 0x000000070c800000, 0x000000070c800000| Untracked 
|  93|0x000000070ca00000, 0x000000070ca00000, 0x000000070cc00000|  0%| F|  |TAMS 0x000000070ca00000, 0x000000070ca00000| Untracked 
|  94|0x000000070cc00000, 0x000000070cc00000, 0x000000070ce00000|  0%| F|  |TAMS 0x000000070cc00000, 0x000000070cc00000| Untracked 
|  95|0x000000070ce00000, 0x000000070ce00000, 0x000000070d000000|  0%| F|  |TAMS 0x000000070ce00000, 0x000000070ce00000| Untracked 
|  96|0x000000070d000000, 0x000000070d000000, 0x000000070d200000|  0%| F|  |TAMS 0x000000070d000000, 0x000000070d000000| Untracked 
|  97|0x000000070d200000, 0x000000070d200000, 0x000000070d400000|  0%| F|  |TAMS 0x000000070d200000, 0x000000070d200000| Untracked 
|  98|0x000000070d400000, 0x000000070d400000, 0x000000070d600000|  0%| F|  |TAMS 0x000000070d400000, 0x000000070d400000| Untracked 
|  99|0x000000070d600000, 0x000000070d600000, 0x000000070d800000|  0%| F|  |TAMS 0x000000070d600000, 0x000000070d600000| Untracked 
| 100|0x000000070d800000, 0x000000070d800000, 0x000000070da00000|  0%| F|  |TAMS 0x000000070d800000, 0x000000070d800000| Untracked 
| 101|0x000000070da00000, 0x000000070da00000, 0x000000070dc00000|  0%| F|  |TAMS 0x000000070da00000, 0x000000070da00000| Untracked 
| 102|0x000000070dc00000, 0x000000070dc00000, 0x000000070de00000|  0%| F|  |TAMS 0x000000070dc00000, 0x000000070dc00000| Untracked 
| 103|0x000000070de00000, 0x000000070de00000, 0x000000070e000000|  0%| F|  |TAMS 0x000000070de00000, 0x000000070de00000| Untracked 
| 104|0x000000070e000000, 0x000000070e000000, 0x000000070e200000|  0%| F|  |TAMS 0x000000070e000000, 0x000000070e000000| Untracked 
| 105|0x000000070e200000, 0x000000070e200000, 0x000000070e400000|  0%| F|  |TAMS 0x000000070e200000, 0x000000070e200000| Untracked 
| 106|0x000000070e400000, 0x000000070e400000, 0x000000070e600000|  0%| F|  |TAMS 0x000000070e400000, 0x000000070e400000| Untracked 
| 107|0x000000070e600000, 0x000000070e600000, 0x000000070e800000|  0%| F|  |TAMS 0x000000070e600000, 0x000000070e600000| Untracked 
| 108|0x000000070e800000, 0x000000070e800000, 0x000000070ea00000|  0%| F|  |TAMS 0x000000070e800000, 0x000000070e800000| Untracked 
| 109|0x000000070ea00000, 0x000000070ea00000, 0x000000070ec00000|  0%| F|  |TAMS 0x000000070ea00000, 0x000000070ea00000| Untracked 
| 110|0x000000070ec00000, 0x000000070ec00000, 0x000000070ee00000|  0%| F|  |TAMS 0x000000070ec00000, 0x000000070ec00000| Untracked 
| 111|0x000000070ee00000, 0x000000070ee00000, 0x000000070f000000|  0%| F|  |TAMS 0x000000070ee00000, 0x000000070ee00000| Untracked 
| 112|0x000000070f000000, 0x000000070f000000, 0x000000070f200000|  0%| F|  |TAMS 0x000000070f000000, 0x000000070f000000| Untracked 
| 113|0x000000070f200000, 0x000000070f200000, 0x000000070f400000|  0%| F|  |TAMS 0x000000070f200000, 0x000000070f200000| Untracked 
| 114|0x000000070f400000, 0x000000070f400000, 0x000000070f600000|  0%| F|  |TAMS 0x000000070f400000, 0x000000070f400000| Untracked 
| 115|0x000000070f600000, 0x000000070f600000, 0x000000070f800000|  0%| F|  |TAMS 0x000000070f600000, 0x000000070f600000| Untracked 
| 116|0x000000070f800000, 0x000000070f800000, 0x000000070fa00000|  0%| F|  |TAMS 0x000000070f800000, 0x000000070f800000| Untracked 
| 117|0x000000070fa00000, 0x000000070fa00000, 0x000000070fc00000|  0%| F|  |TAMS 0x000000070fa00000, 0x000000070fa00000| Untracked 
| 118|0x000000070fc00000, 0x000000070fc00000, 0x000000070fe00000|  0%| F|  |TAMS 0x000000070fc00000, 0x000000070fc00000| Untracked 
| 119|0x000000070fe00000, 0x000000070fe00000, 0x0000000710000000|  0%| F|  |TAMS 0x000000070fe00000, 0x000000070fe00000| Untracked 
| 120|0x0000000710000000, 0x0000000710000000, 0x0000000710200000|  0%| F|  |TAMS 0x0000000710000000, 0x0000000710000000| Untracked 
| 121|0x0000000710200000, 0x0000000710200000, 0x0000000710400000|  0%| F|  |TAMS 0x0000000710200000, 0x0000000710200000| Untracked 
| 122|0x0000000710400000, 0x0000000710471250, 0x0000000710600000| 22%| E|  |TAMS 0x0000000710400000, 0x0000000710400000| Complete 
| 123|0x0000000710600000, 0x0000000710800000, 0x0000000710800000|100%| E|CS|TAMS 0x0000000710600000, 0x0000000710600000| Complete 
| 124|0x0000000710800000, 0x0000000710a00000, 0x0000000710a00000|100%| E|CS|TAMS 0x0000000710800000, 0x0000000710800000| Complete 
| 125|0x0000000710a00000, 0x0000000710c00000, 0x0000000710c00000|100%| E|CS|TAMS 0x0000000710a00000, 0x0000000710a00000| Complete 
| 126|0x0000000710c00000, 0x0000000710e00000, 0x0000000710e00000|100%| E|CS|TAMS 0x0000000710c00000, 0x0000000710c00000| Complete 
| 127|0x0000000710e00000, 0x0000000711000000, 0x0000000711000000|100%| E|CS|TAMS 0x0000000710e00000, 0x0000000710e00000| Complete 

Card table byte_map: [0x000001d5981a0000,0x000001d5989a0000] _byte_map_base: 0x000001d594998000

Marking Bits (Prev, Next): (CMBitMap*) 0x000001d58515f1f0, (CMBitMap*) 0x000001d58515f230
 Prev Bits: [0x000001d5991a0000, 0x000001d59d160000)
 Next Bits: [0x000001d59d160000, 0x000001d5a1120000)

Polling page: 0x000001d583100000

Metaspace:

Usage:
  Non-class:      8.85 MB used.
      Class:    978.11 KB used.
       Both:      9.81 MB used.

Virtual space:
  Non-class space:       16.00 MB reserved,       8.94 MB ( 56%) committed,  2 nodes.
      Class space:        1.00 GB reserved,       1.00 MB ( <1%) committed,  1 nodes.
              Both:        1.02 GB reserved,       9.94 MB ( <1%) committed. 

Chunk freelists:
   Non-Class:  3.00 MB
       Class:  3.01 MB
        Both:  6.01 MB

MaxMetaspaceSize: 17179869184.00 GB
CompressedClassSpaceSize: 1.00 GB
 - commit_granule_bytes: 65536.
 - commit_granule_words: 8192.
 - virtual_space_node_default_size: 1048576.
 - enlarge_chunks_in_place: 1.
 - new_chunks_are_fully_committed: 0.
 - uncommit_free_chunks: 1.
 - use_allocation_guard: 0.
 - handle_deallocations: 1.


Internal statistics:

num_allocs_failed_limit: 0.
num_arena_births: 74.
num_arena_deaths: 0.
num_vsnodes_births: 3.
num_vsnodes_deaths: 0.
num_space_committed: 159.
num_space_uncommitted: 0.
num_chunks_returned_to_freelist: 0.
num_chunks_taken_from_freelist: 103.
num_chunk_merges: 0.
num_chunk_splits: 59.
num_chunks_enlarged: 35.
num_purges: 0.

CodeHeap 'non-profiled nmethods': size=238336Kb used=877Kb max_used=877Kb free=237458Kb
 bounds [0x000001d588db0000, 0x000001d589020000, 0x000001d597670000]
CodeHeap 'non-nmethods': size=7424Kb used=1126Kb max_used=1126Kb free=6297Kb
 bounds [0x000001d588670000, 0x000001d5888e0000, 0x000001d588db0000]
 total_blobs=1102 nmethods=697 adapters=333
 compilation: enabled
              stopped_count=0, restarted_count=0
 full_count=0

Compilation events (20 events):
Event: 0.269 Thread 0x000001d5a446ef60  687       1       java.lang.Class::getReflectionFactory (26 bytes)
Event: 0.270 Thread 0x000001d5a446ef60 nmethod 687 0x000001d588e88a90 code [0x000001d588e88c60, 0x000001d588e88e78]
Event: 0.271 Thread 0x000001d5a446ef60  689       1       java.util.logging.Logger::getName (5 bytes)
Event: 0.271 Thread 0x000001d5a446ef60 nmethod 689 0x000001d588e88f90 code [0x000001d588e89120, 0x000001d588e891f8]
Event: 0.271 Thread 0x000001d5a446ef60  690       1       java.lang.invoke.MethodTypeForm::cachedLambdaForm (23 bytes)
Event: 0.271 Thread 0x000001d5a446ef60 nmethod 690 0x000001d588e89290 code [0x000001d588e89440, 0x000001d588e89618]
Event: 0.271 Thread 0x000001d5a446ef60  692       1       java.util.Properties::getProperty (50 bytes)
Event: 0.271 Thread 0x000001d5a446ef60 nmethod 692 0x000001d588e89710 code [0x000001d588e898c0, 0x000001d588e89a98]
Event: 0.271 Thread 0x000001d5a446ef60  691       1       jdk.internal.org.objectweb.asm.MethodWriter::endCurrentBasicBlockWithNoSuccessor (94 bytes)
Event: 0.271 Thread 0x000001d5a446ef60 nmethod 691 0x000001d588e89b90 code [0x000001d588e89d60, 0x000001d588e8a1c8]
Event: 0.271 Thread 0x000001d5a446ef60  695       1       java.lang.Integer::stringSize (47 bytes)
Event: 0.271 Thread 0x000001d5a446ef60 nmethod 695 0x000001d588e8a310 code [0x000001d588e8a4a0, 0x000001d588e8a5d8]
Event: 0.271 Thread 0x000001d5a446ef60  694       1       java.lang.invoke.DirectMethodHandle$Holder::invokeStatic (15 bytes)
Event: 0.271 Thread 0x000001d5a446ef60 nmethod 694 0x000001d588e8a690 code [0x000001d588e8a840, 0x000001d588e8a958]
Event: 0.271 Thread 0x000001d5a446ef60  693       1       java.lang.invoke.MemberName::isMethod (8 bytes)
Event: 0.272 Thread 0x000001d5a446ef60 nmethod 693 0x000001d588e8aa10 code [0x000001d588e8aba0, 0x000001d588e8ac98]
Event: 0.272 Thread 0x000001d5a446ef60  696       1       java.lang.Integer::getChars (131 bytes)
Event: 0.272 Thread 0x000001d5a446ef60 nmethod 696 0x000001d588e8ad10 code [0x000001d588e8aec0, 0x000001d588e8b158]
Event: 0.272 Thread 0x000001d5a446ef60  697       1       java.lang.invoke.InfoFromMemberName::getReferenceKind (5 bytes)
Event: 0.272 Thread 0x000001d5a446ef60 nmethod 697 0x000001d588e8b390 code [0x000001d588e8b520, 0x000001d588e8b5f8]

GC Heap History (0 events):
No events

Deoptimization events (0 events):
No events

Classes unloaded (0 events):
No events

Classes redefined (0 events):
No events

Internal exceptions (11 events):
Event: 0.113 Thread 0x000001d5851109a0 Exception <a 'java/lang/NoSuchMethodError'{0x0000000710c24480}: 'void java.lang.invoke.DirectMethodHandle$Holder.invokeSpecial(java.lang.Object, java.lang.Object, java.lang.Object)'> (0x0000000710c24480) 
thrown [t:\workspace\open\src\hotspot\share\interpreter\linkResolver.cpp, line 790]
Event: 0.178 Thread 0x000001d5851109a0 Exception <a 'java/lang/NoSuchMethodError'{0x0000000710981260}: 'java.lang.Object java.lang.invoke.DirectMethodHandle$Holder.invokeStatic(java.lang.Object)'> (0x0000000710981260) 
thrown [t:\workspace\open\src\hotspot\share\interpreter\linkResolver.cpp, line 790]
Event: 0.178 Thread 0x000001d5851109a0 Exception <a 'java/lang/NoSuchMethodError'{0x00000007109849b0}: 'java.lang.Object java.lang.invoke.DirectMethodHandle$Holder.invokeStaticInit(java.lang.Object)'> (0x00000007109849b0) 
thrown [t:\workspace\open\src\hotspot\share\interpreter\linkResolver.cpp, line 790]
Event: 0.193 Thread 0x000001d5851109a0 Exception <a 'java/lang/NoSuchMethodError'{0x00000007109a8098}: 'java.lang.Object java.lang.invoke.DirectMethodHandle$Holder.invokeInterface(java.lang.Object, java.lang.Object)'> (0x00000007109a8098) 
thrown [t:\workspace\open\src\hotspot\share\interpreter\linkResolver.cpp, line 790]
Event: 0.194 Thread 0x000001d5851109a0 Exception <a 'java/lang/NoSuchMethodError'{0x00000007109b04a8}: 'java.lang.Object java.lang.invoke.DirectMethodHandle$Holder.invokeStaticInit(java.lang.Object, java.lang.Object, java.lang.Object)'> (0x00000007109b04a8) 
thrown [t:\workspace\open\src\hotspot\share\interpreter\linkResolver.cpp, line 790]
Event: 0.196 Thread 0x000001d5851109a0 Exception <a 'java/lang/NoSuchMethodError'{0x00000007109cdb60}: 'int java.lang.invoke.DirectMethodHandle$Holder.invokeInterface(java.lang.Object, java.lang.Object)'> (0x00000007109cdb60) 
thrown [t:\workspace\open\src\hotspot\share\interpreter\linkResolver.cpp, line 790]
Event: 0.196 Thread 0x000001d5851109a0 Exception <a 'java/lang/IncompatibleClassChangeError'{0x00000007109d1358}: Found class java.lang.Object, but interface was expected> (0x00000007109d1358) 
thrown [t:\workspace\open\src\hotspot\share\interpreter\linkResolver.cpp, line 857]
Event: 0.197 Thread 0x000001d5851109a0 Exception <a 'java/lang/NoSuchMethodError'{0x00000007109d71a8}: 'void java.lang.invoke.DirectMethodHandle$Holder.invokeStatic(java.lang.Object, java.lang.Object)'> (0x00000007109d71a8) 
thrown [t:\workspace\open\src\hotspot\share\interpreter\linkResolver.cpp, line 790]
Event: 0.225 Thread 0x000001d5851109a0 Exception <a 'java/lang/NoSuchMethodError'{0x00000007106a6c40}: 'int java.lang.invoke.DirectMethodHandle$Holder.invokeSpecial(java.lang.Object, java.lang.Object, java.lang.Object)'> (0x00000007106a6c40) 
thrown [t:\workspace\open\src\hotspot\share\interpreter\linkResolver.cpp, line 790]
Event: 0.246 Thread 0x000001d5851109a0 Exception <a 'java/lang/NoSuchMethodError'{0x0000000710777ec8}: 'void java.lang.invoke.DirectMethodHandle$Holder.invokeStatic(java.lang.Object, java.lang.Object, java.lang.Object)'> (0x0000000710777ec8) 
thrown [t:\workspace\open\src\hotspot\share\interpreter\linkResolver.cpp, line 790]
Event: 0.265 Thread 0x000001d5851109a0 Exception <a 'java/lang/NoSuchMethodError'{0x00000007107d77f8}: 'int java.lang.invoke.DirectMethodHandle$Holder.invokeSpecialIFC(java.lang.Object, java.lang.Object, java.lang.Object)'> (0x00000007107d77f8) 
thrown [t:\workspace\open\src\hotspot\share\interpreter\linkResolver.cpp, line 790]

Events (20 events):
Event: 0.274 loading class sun/security/jca/ProviderList$2 done
Event: 0.274 loading class java/util/AbstractList$Itr
Event: 0.274 loading class java/util/AbstractList$Itr done
Event: 0.274 loading class sun/security/provider/Sun
Event: 0.274 loading class sun/security/provider/Sun done
Event: 0.274 loading class sun/security/provider/SunEntries
Event: 0.274 loading class sun/security/provider/SunEntries done
Event: 0.274 loading class sun/security/provider/SunEntries$1
Event: 0.274 loading class sun/security/provider/SunEntries$1 done
Event: 0.274 loading class sun/security/provider/NativePRNG
Event: 0.274 loading class sun/security/provider/NativePRNG done
Event: 0.274 loading class sun/security/provider/NativePRNG$Blocking
Event: 0.274 loading class sun/security/provider/NativePRNG$Blocking done
Event: 0.275 loading class sun/security/provider/NativePRNG$NonBlocking
Event: 0.275 loading class sun/security/provider/NativePRNG$NonBlocking done
Event: 0.275 loading class java/security/Provider$Service
Event: 0.275 loading class java/security/Provider$Service done
Event: 0.275 loading class java/security/Provider$UString
Event: 0.275 loading class java/security/Provider$UString done
Event: 0.275 loading class sun/security/util/SecurityProviderConstants


Dynamic libraries:
0x00007ff6bbd00000 - 0x00007ff6bbd0e000 	C:\Users\User\Downloads\sts-4.11.0.RELEASE\plugins\org.eclipse.justj.openjdk.hotspot.jre.full.win32.x86_64_16.0.1.v20210528-1205\jre\bin\javaw.exe
0x00007ffefa0f0000 - 0x00007ffefa2e5000 	C:\WINDOWS\SYSTEM32\ntdll.dll
0x00007ffef8260000 - 0x00007ffef831e000 	C:\WINDOWS\System32\KERNEL32.DLL
0x00007ffef7b20000 - 0x00007ffef7de8000 	C:\WINDOWS\System32\KERNELBASE.dll
0x00007ffef7e80000 - 0x00007ffef7f80000 	C:\WINDOWS\System32\ucrtbase.dll
0x00007ffedfb40000 - 0x00007ffedfb59000 	C:\Users\User\Downloads\sts-4.11.0.RELEASE\plugins\org.eclipse.justj.openjdk.hotspot.jre.full.win32.x86_64_16.0.1.v20210528-1205\jre\bin\VCRUNTIME140.dll
0x00007ffee0020000 - 0x00007ffee0038000 	C:\Users\User\Downloads\sts-4.11.0.RELEASE\plugins\org.eclipse.justj.openjdk.hotspot.jre.full.win32.x86_64_16.0.1.v20210528-1205\jre\bin\jli.dll
0x00007ffef9c30000 - 0x00007ffef9dd1000 	C:\WINDOWS\System32\USER32.dll
0x00007ffee4740000 - 0x00007ffee49da000 	C:\WINDOWS\WinSxS\amd64_microsoft.windows.common-controls_6595b64144ccf1df_6.0.19041.1110_none_60b5254171f9507e\COMCTL32.dll
0x00007ffef7df0000 - 0x00007ffef7e12000 	C:\WINDOWS\System32\win32u.dll
0x00007ffef84d0000 - 0x00007ffef856e000 	C:\WINDOWS\System32\msvcrt.dll
0x00007ffef84a0000 - 0x00007ffef84cb000 	C:\WINDOWS\System32\GDI32.dll
0x00007ffef7960000 - 0x00007ffef7a6d000 	C:\WINDOWS\System32\gdi32full.dll
0x00007ffef8090000 - 0x00007ffef812d000 	C:\WINDOWS\System32\msvcp_win.dll
0x00007ffef8570000 - 0x00007ffef85a0000 	C:\WINDOWS\System32\IMM32.DLL
0x00007ffedfe50000 - 0x00007ffedfe5c000 	C:\Users\User\Downloads\sts-4.11.0.RELEASE\plugins\org.eclipse.justj.openjdk.hotspot.jre.full.win32.x86_64_16.0.1.v20210528-1205\jre\bin\vcruntime140_1.dll
0x00007ffea27b0000 - 0x00007ffea2841000 	C:\Users\User\Downloads\sts-4.11.0.RELEASE\plugins\org.eclipse.justj.openjdk.hotspot.jre.full.win32.x86_64_16.0.1.v20210528-1205\jre\bin\msvcp140.dll
0x00007ffea39a0000 - 0x00007ffea454b000 	C:\Users\User\Downloads\sts-4.11.0.RELEASE\plugins\org.eclipse.justj.openjdk.hotspot.jre.full.win32.x86_64_16.0.1.v20210528-1205\jre\bin\server\jvm.dll
0x00007ffef9b80000 - 0x00007ffef9c2c000 	C:\WINDOWS\System32\ADVAPI32.dll
0x00007ffef8320000 - 0x00007ffef83bb000 	C:\WINDOWS\System32\sechost.dll
0x00007ffef9de0000 - 0x00007ffef9f0a000 	C:\WINDOWS\System32\RPCRT4.dll
0x00007ffef9420000 - 0x00007ffef9428000 	C:\WINDOWS\System32\PSAPI.DLL
0x00007ffed8720000 - 0x00007ffed8729000 	C:\WINDOWS\SYSTEM32\WSOCK32.dll
0x00007ffeeacd0000 - 0x00007ffeeacf7000 	C:\WINDOWS\SYSTEM32\WINMM.dll
0x00007ffeef9b0000 - 0x00007ffeef9ba000 	C:\WINDOWS\SYSTEM32\VERSION.dll
0x00007ffef8b40000 - 0x00007ffef8bab000 	C:\WINDOWS\System32\WS2_32.dll
0x00007ffef6090000 - 0x00007ffef60a2000 	C:\WINDOWS\SYSTEM32\kernel.appcore.dll
0x00007ffef20d0000 - 0x00007ffef20da000 	C:\Users\User\Downloads\sts-4.11.0.RELEASE\plugins\org.eclipse.justj.openjdk.hotspot.jre.full.win32.x86_64_16.0.1.v20210528-1205\jre\bin\jimage.dll
0x00007ffef5540000 - 0x00007ffef5724000 	C:\WINDOWS\SYSTEM32\DBGHELP.DLL
0x00007ffee2280000 - 0x00007ffee22ac000 	C:\WINDOWS\SYSTEM32\dbgcore.DLL
0x00007ffef8000000 - 0x00007ffef8082000 	C:\WINDOWS\System32\bcryptPrimitives.dll
0x00007ffec9b00000 - 0x00007ffec9b25000 	C:\Users\User\Downloads\sts-4.11.0.RELEASE\plugins\org.eclipse.justj.openjdk.hotspot.jre.full.win32.x86_64_16.0.1.v20210528-1205\jre\bin\java.dll
0x00007ffef19e0000 - 0x00007ffef19f8000 	C:\Users\User\Downloads\sts-4.11.0.RELEASE\plugins\org.eclipse.justj.openjdk.hotspot.jre.full.win32.x86_64_16.0.1.v20210528-1205\jre\bin\zip.dll
0x00007ffef9430000 - 0x00007ffef9b74000 	C:\WINDOWS\System32\SHELL32.dll
0x00007ffef58b0000 - 0x00007ffef6044000 	C:\WINDOWS\SYSTEM32\windows.storage.dll
0x00007ffef8cc0000 - 0x00007ffef9015000 	C:\WINDOWS\System32\combase.dll
0x00007ffef7170000 - 0x00007ffef719e000 	C:\WINDOWS\SYSTEM32\Wldp.dll
0x00007ffef8c10000 - 0x00007ffef8cbd000 	C:\WINDOWS\System32\SHCORE.dll
0x00007ffef8bb0000 - 0x00007ffef8c05000 	C:\WINDOWS\System32\shlwapi.dll
0x00007ffef7740000 - 0x00007ffef775f000 	C:\WINDOWS\SYSTEM32\profapi.dll
0x00007ffeef9c0000 - 0x00007ffeef9d9000 	C:\Users\User\Downloads\sts-4.11.0.RELEASE\plugins\org.eclipse.justj.openjdk.hotspot.jre.full.win32.x86_64_16.0.1.v20210528-1205\jre\bin\net.dll
0x00007ffeedaa0000 - 0x00007ffeedbac000 	C:\WINDOWS\SYSTEM32\WINHTTP.dll
0x00007ffef6f50000 - 0x00007ffef6fba000 	C:\WINDOWS\system32\mswsock.dll
0x00007ffec9f10000 - 0x00007ffec9f23000 	C:\Users\User\Downloads\sts-4.11.0.RELEASE\plugins\org.eclipse.justj.openjdk.hotspot.jre.full.win32.x86_64_16.0.1.v20210528-1205\jre\bin\nio.dll
0x00007ffee01d0000 - 0x00007ffee01d9000 	C:\Users\User\Downloads\sts-4.11.0.RELEASE\plugins\org.eclipse.justj.openjdk.hotspot.jre.full.win32.x86_64_16.0.1.v20210528-1205\jre\bin\management.dll
0x00007ffee01c0000 - 0x00007ffee01cb000 	C:\Users\User\Downloads\sts-4.11.0.RELEASE\plugins\org.eclipse.justj.openjdk.hotspot.jre.full.win32.x86_64_16.0.1.v20210528-1205\jre\bin\management_ext.dll
0x00007ffed2880000 - 0x00007ffed2897000 	C:\WINDOWS\system32\napinsp.dll
0x00007ffed2860000 - 0x00007ffed287b000 	C:\WINDOWS\system32\pnrpnsp.dll
0x00007ffef2830000 - 0x00007ffef2845000 	C:\WINDOWS\system32\wshbth.dll
0x00007ffef2d50000 - 0x00007ffef2d6d000 	C:\WINDOWS\system32\NLAapi.dll
0x00007ffef6c10000 - 0x00007ffef6c4b000 	C:\WINDOWS\SYSTEM32\IPHLPAPI.DLL
0x00007ffef6c60000 - 0x00007ffef6d2b000 	C:\WINDOWS\SYSTEM32\DNSAPI.dll
0x00007ffef9ff0000 - 0x00007ffef9ff8000 	C:\WINDOWS\System32\NSI.dll
0x00007ffed2840000 - 0x00007ffed2852000 	C:\WINDOWS\System32\winrnr.dll
0x00007ffeefee0000 - 0x00007ffeefeea000 	C:\Windows\System32\rasadhlp.dll
0x00007ffeec8a0000 - 0x00007ffeec91f000 	C:\WINDOWS\System32\fwpuclnt.dll
0x00007ffef7f80000 - 0x00007ffef7fa7000 	C:\WINDOWS\System32\bcrypt.dll

dbghelp: loaded successfully - version: 4.0.5 - missing functions: none
symbol engine: initialized successfully - sym options: 0x614 - pdb path: .;C:\Users\User\Downloads\sts-4.11.0.RELEASE\plugins\org.eclipse.justj.openjdk.hotspot.jre.full.win32.x86_64_16.0.1.v20210528-1205\jre\bin;C:\WINDOWS\SYSTEM32;C:\WINDOWS\WinSxS\amd64_microsoft.windows.common-controls_6595b64144ccf1df_6.0.19041.1110_none_60b5254171f9507e;C:\Users\User\Downloads\sts-4.11.0.RELEASE\plugins\org.eclipse.justj.openjdk.hotspot.jre.full.win32.x86_64_16.0.1.v20210528-1205\jre\bin\server

VM Arguments:
jvm_args: -Dcom.sun.management.jmxremote -Dcom.sun.management.jmxremote.port=52548 -Dcom.sun.management.jmxremote.authenticate=false -Dcom.sun.management.jmxremote.ssl=false -Djava.rmi.server.hostname=localhost -Dspring.jmx.enabled=true -Dspring.application.admin.enabled=true -XX:TieredStopAtLevel=1 -Dspring.boot.project.name=RecipesList -Dfile.encoding=UTF-8 -XX:+ShowCodeDetailsInExceptionMessages 
java_command: com.dipinder.RecipeList.RecipesListApplication --spring.output.ansi.enabled=always
java_class_path (initial): C:\Users\User\Desktop\CodingDojo\JAVA\w2d1\RecipesList\target\classes;C:\Users\User\.m2\repository\org\springframework\boot\spring-boot-starter-data-jpa\2.6.2\spring-boot-starter-data-jpa-2.6.2.jar;C:\Users\User\.m2\repository\org\springframework\boot\spring-boot-starter-aop\2.6.2\spring-boot-starter-aop-2.6.2.jar;C:\Users\User\.m2\repository\org\springframework\spring-aop\5.3.14\spring-aop-5.3.14.jar;C:\Users\User\.m2\repository\org\aspectj\aspectjweaver\1.9.7\aspectjweaver-1.9.7.jar;C:\Users\User\.m2\repository\org\springframework\boot\spring-boot-starter-jdbc\2.6.2\spring-boot-starter-jdbc-2.6.2.jar;C:\Users\User\.m2\repository\com\zaxxer\HikariCP\4.0.3\HikariCP-4.0.3.jar;C:\Users\User\.m2\repository\org\springframework\spring-jdbc\5.3.14\spring-jdbc-5.3.14.jar;C:\Users\User\.m2\repository\jakarta\transaction\jakarta.transaction-api\1.3.3\jakarta.transaction-api-1.3.3.jar;C:\Users\User\.m2\repository\jakarta\persistence\jakarta.persistence-api\2.2.3\jakarta.persistence-api-2.2.3.jar;C:\Users\User\.m2\repository\org\hibernate\hibernate-core\5.6.3.Final\hibernate-core-5.6.3.Final.jar;C:\Users\User\.m2\repository\org\jboss\logging\jboss-logging\3.4.2.Final\jboss-logging-3.4.2.Final.jar;C:\Users\User\.m2\repository\net\bytebuddy\byte-buddy\1.11.22\byte-buddy-1.11.22.jar;C:\Users\User\.m2\repository\antlr\antlr\2.7.7\antlr-2.7.7.jar;C:\Users\User\.m2\repository\org\jboss\jandex\2.2.3.Final\jandex-2.2.3.Final.jar;C:\Users\User\.m2\repository\com\fasterxml\classmate\1.5.1\classmate-1.5.1.jar;C:\Users\User\.m2\repository\org\hibernate\common\hibernate-commons-annotations\5.1.2.Final\hibernate-commons-annotations-5.1.2.Final.jar;C:\Users\User\.m2\repository\org\glassfish\jaxb\jaxb-runtime\2.3.5\jaxb-runtime-2.3.5.jar;C:\Users\User\.m2\repository\org\glassfish\jaxb\txw2\2.3.5\txw2-2.3.5.jar;C:\Users\User\.m2\repository\com\sun\istack\istack-commons-runtime\3.0.12\istack-commons-runtime-3.0.12.jar;C:\Users\User\.m2\repository\com\sun\activation\
Launcher Type: SUN_STANDARD

[Global flags]
     intx CICompilerCount                          = 4                                         {product} {ergonomic}
     uint ConcGCThreads                            = 2                                         {product} {ergonomic}
     uint G1ConcRefinementThreads                  = 8                                         {product} {ergonomic}
   size_t G1HeapRegionSize                         = 2097152                                   {product} {ergonomic}
    uintx GCDrainStackTargetSize                   = 64                                        {product} {ergonomic}
   size_t InitialHeapSize                          = 268435456                                 {product} {ergonomic}
     bool ManagementServer                         = true                                      {product} {command line}
   size_t MarkStackSize                            = 4194304                                   {product} {ergonomic}
   size_t MaxHeapSize                              = 4278190080                                {product} {ergonomic}
   size_t MaxNewSize                               = 2566914048                                {product} {ergonomic}
   size_t MinHeapDeltaBytes                        = 2097152                                   {product} {ergonomic}
   size_t MinHeapSize                              = 8388608                                   {product} {ergonomic}
    uintx NonNMethodCodeHeapSize                   = 7549744                                {pd product} {ergonomic}
    uintx NonProfiledCodeHeapSize                  = 244108496                              {pd product} {ergonomic}
    uintx ProfiledCodeHeapSize                     = 0                                      {pd product} {ergonomic}
    uintx ReservedCodeCacheSize                    = 251658240                              {pd product} {ergonomic}
     bool SegmentedCodeCache                       = true                                      {product} {ergonomic}
     bool ShowCodeDetailsInExceptionMessages       = true                                   {manageable} {command line}
   size_t SoftMaxHeapSize                          = 4278190080                             {manageable} {ergonomic}
     intx TieredStopAtLevel                        = 1                                         {product} {command line}
     bool UseCompressedClassPointers               = true                           {product lp64_product} {ergonomic}
     bool UseCompressedOops                        = true                           {product lp64_product} {ergonomic}
     bool UseG1GC                                  = true                                      {product} {ergonomic}
     bool UseLargePagesIndividualAllocation        = false                                  {pd product} {ergonomic}

Logging:
Log output configuration:
 #0: stdout all=warning uptime,level,tags
 #1: stderr all=off uptime,level,tags

Environment Variables:
PATH=C:/Users/User/Downloads/sts-4.11.0.RELEASE//plugins/org.eclipse.justj.openjdk.hotspot.jre.full.win32.x86_64_16.0.1.v20210528-1205/jre/bin/server;C:/Users/User/Downloads/sts-4.11.0.RELEASE//plugins/org.eclipse.justj.openjdk.hotspot.jre.full.win32.x86_64_16.0.1.v20210528-1205/jre/bin;C:\Program Files\Python39\Scripts\;C:\Program Files\Python39\;C:\Program Files (x86)\VMware\VMware Player\bin\;C:\Program Files (x86)\Common Files\Oracle\Java\javapath;C:\Program Files (x86)\Razer Chroma SDK\bin;C:\Program Files\Razer Chroma SDK\bin;C:\ProgramData\Oracle\Java\javapath;C:\Program Files (x86)\Intel\iCLS Client\;C:\Program Files\Intel\iCLS Client\;C:\Windows\system32;C:\Windows;C:\Windows\System32\Wbem;C:\Windows\System32\WindowsPowerShell\v1.0\;C:\Program Files (x86)\Intel\Intel(R) Management Engine Components\DAL;C:\Program Files\Intel\Intel(R) Management Engine Components\DAL;C:\Program Files (x86)\Intel\Intel(R) Management Engine Components\IPT;C:\Program Files\Intel\Intel(R) Management Engine Components\IPT;C:\Program Files (x86)\NVIDIA Corporation\PhysX\Common;C:\Program Files\dotnet\;C:\Program Files\Microsoft SQL Server\130\Tools\Binn\;C:\Users\User\AppData\Local\Microsoft\WindowsApps;C:\WINDOWS\system32;C:\WINDOWS;C:\WINDOWS\System32\Wbem;C:\WINDOWS\System32\WindowsPowerShell\v1.0\;C:\WINDOWS\System32\OpenSSH\;TESSDATA_PREFIX=C:\Program Files (x86)\Tesseract-OCR;C:\Program Files\NVIDIA Corporation\NVIDIA NvDLISR;C:\Program Files\Git\cmd;C:\Users\User\Downloads\bin extracted\bin;C:\MinGW\bin;C:\WINDOWS\system32;C:\WINDOWS;C:\WINDOWS\System32\Wbem;C:\WINDOWS\System32\WindowsPowerShell\v1.0\;C:\WINDOWS\System32\OpenSSH\;C:\Program Files\nodejs\;\;C:\Users\User\.cargo\bin;C:\Users\User\.rustup;C:\xampp\php;C:\composer;C:\Program Files\MongoDB\Server\4.4\bin;C:\Program Files\Microsoft SQL Server\Client SDK\ODBC\170\Tools\Binn\;C:\Program Files (x86)\Microsoft SQL Server\150\Tools\Binn\;C:\Program Files\Microsoft SQL Server\150\Tools\Binn\;C:\Program Files\Microsoft SQL
USERNAME=User
OS=Windows_NT
PROCESSOR_IDENTIFIER=Intel64 Family 6 Model 158 Stepping 9, GenuineIntel



---------------  S Y S T E M  ---------------

OS:
 Windows 10 , 64 bit Build 19041 (10.0.19041.1348)
OS uptime: 0 days 1:49 hours
Hyper-V role detected

CPU: total 8 (initial active 8) (4 cores per cpu, 2 threads per core) family 6 model 158 stepping 9 microcode 0xb4, cx8, cmov, fxsr, ht, mmx, 3dnowpref, sse, sse2, sse3, ssse3, sse4.1, sse4.2, popcnt, lzcnt, tsc, tscinvbit, avx, avx2, aes, erms, clmul, bmi1, bmi2, rtm, adx, fma, vzeroupper, clflush, clflushopt, hv

Memory: 4k page, system-wide physical 16314M (3853M free)
TotalPageFile size 17314M (AvailPageFile size 5M)
current process WorkingSet (physical memory assigned to process): 50M, peak: 50M
current process commit charge ("private bytes"): 344M, peak: 344M

vm_info: OpenJDK 64-Bit Server VM (16.0.1+9-24) for windows-amd64 JRE (16.0.1+9-24), built on Mar 26 2021 19:30:07 by "mach5one" with MS VC++ 16.7 (VS2019)

END.
